INFO 2025-03-26 14:35:34 FaceDetModelLoader.py: 16] Start to analyze the face detection model, model path: models, model category: face_detection，model name: face_detection_1.0
INFO 2025-03-26 14:35:34 BaseModelLoader.py: 34] Successfully parsed the model configuration file meta.json!
INFO 2025-03-26 14:35:34 FaceDetModelLoader.py: 34] Successfully loaded the face detection model!
INFO 2025-03-26 14:35:34 FaceAlignModelLoader.py: 16] Start to analyze the face landmark model, model path: models, model category: face_alignment，model name: face_alignment_1.0
INFO 2025-03-26 14:35:34 BaseModelLoader.py: 34] Successfully parsed the model configuration file meta.json!
INFO 2025-03-26 14:35:34 FaceAlignModelLoader.py: 30] Successfully loaded the face landmark model!
INFO 2025-03-26 14:35:34 FaceRecModelLoader.py: 16] Start to analyze the face recognition model, model path: models, model category: face_recognition，model name: face_recognition_1.0
INFO 2025-03-26 14:35:34 BaseModelLoader.py: 34] Successfully parsed the model configuration file meta.json!
INFO 2025-03-26 14:35:35 FaceRecModelLoader.py: 30] Successfully loaded the face recognition model!
INFO 2025-03-26 14:36:40 FaceDetModelLoader.py: 16] Start to analyze the face detection model, model path: models, model category: face_detection，model name: face_detection_1.0
INFO 2025-03-26 14:36:40 BaseModelLoader.py: 34] Successfully parsed the model configuration file meta.json!
INFO 2025-03-26 14:36:40 FaceDetModelLoader.py: 34] Successfully loaded the face detection model!
INFO 2025-03-26 14:36:40 FaceAlignModelLoader.py: 16] Start to analyze the face landmark model, model path: models, model category: face_alignment，model name: face_alignment_1.0
INFO 2025-03-26 14:36:40 BaseModelLoader.py: 34] Successfully parsed the model configuration file meta.json!
INFO 2025-03-26 14:36:40 FaceAlignModelLoader.py: 30] Successfully loaded the face landmark model!
INFO 2025-03-26 14:36:40 FaceRecModelLoader.py: 16] Start to analyze the face recognition model, model path: models, model category: face_recognition，model name: face_recognition_1.0
INFO 2025-03-26 14:36:40 BaseModelLoader.py: 34] Successfully parsed the model configuration file meta.json!
INFO 2025-03-26 14:36:40 FaceRecModelLoader.py: 30] Successfully loaded the face recognition model!
INFO 2025-03-26 14:36:53 FaceDetModelLoader.py: 16] Start to analyze the face detection model, model path: models, model category: face_detection，model name: face_detection_1.0
INFO 2025-03-26 14:36:53 BaseModelLoader.py: 34] Successfully parsed the model configuration file meta.json!
INFO 2025-03-26 14:36:54 FaceDetModelLoader.py: 34] Successfully loaded the face detection model!
INFO 2025-03-26 14:36:54 FaceAlignModelLoader.py: 16] Start to analyze the face landmark model, model path: models, model category: face_alignment，model name: face_alignment_1.0
INFO 2025-03-26 14:36:54 BaseModelLoader.py: 34] Successfully parsed the model configuration file meta.json!
INFO 2025-03-26 14:36:54 FaceAlignModelLoader.py: 30] Successfully loaded the face landmark model!
INFO 2025-03-26 14:36:54 FaceRecModelLoader.py: 16] Start to analyze the face recognition model, model path: models, model category: face_recognition，model name: face_recognition_1.0
INFO 2025-03-26 14:36:54 BaseModelLoader.py: 34] Successfully parsed the model configuration file meta.json!
INFO 2025-03-26 14:36:54 FaceRecModelLoader.py: 30] Successfully loaded the face recognition model!
INFO 2025-03-26 21:57:49 FaceDetModelLoader.py: 16] Start to analyze the face detection model, model path: models, model category: face_detection，model name: face_detection_1.0
INFO 2025-03-26 21:57:49 BaseModelLoader.py: 34] Successfully parsed the model configuration file meta.json!
INFO 2025-03-26 21:57:49 FaceDetModelLoader.py: 34] Successfully loaded the face detection model!
INFO 2025-03-26 21:57:49 FaceAlignModelLoader.py: 16] Start to analyze the face landmark model, model path: models, model category: face_alignment，model name: face_alignment_1.0
INFO 2025-03-26 21:57:49 BaseModelLoader.py: 34] Successfully parsed the model configuration file meta.json!
INFO 2025-03-26 21:57:49 FaceAlignModelLoader.py: 30] Successfully loaded the face landmark model!
INFO 2025-03-26 21:57:49 FaceRecModelLoader.py: 16] Start to analyze the face recognition model, model path: models, model category: face_recognition，model name: face_recognition_1.0
INFO 2025-03-26 21:57:49 BaseModelLoader.py: 34] Successfully parsed the model configuration file meta.json!
INFO 2025-03-26 21:57:49 FaceRecModelLoader.py: 30] Successfully loaded the face recognition model!
